digraph main {
   b0
   cmp.val
   if.1
   else.1
   loop.bound
   update.val
   if.2
   else.2
   program.end
   b0 -> cmp.val
   cmp.val -> if.1
   cmp.val -> else.1
   if.1 -> loop.bound
   else.1 -> loop.bound
   loop.bound -> program.end
   loop.bound -> update.val
   update.val -> if.2
   update.val -> else.2
   if.2 -> cmp.val
   else.2 -> cmp.val
}
Path Lengths from entry 'b0': {'b0': 0, 'cmp.val': 1, 'if.1': 2, 'else.1': 2, 'loop.bound': 3, 'program.end': 4, 'update.val': 4, 'if.2': 5, 'else.2': 5}
Reverse Post Order from entry 'b0': ['b0', 'cmp.val', 'else.1', 'if.1', 'loop.bound', 'update.val', 'else.2', 'if.2', 'program.end']
Back Edges from entry 'b0': [('if.2', 'cmp.val'), ('else.2', 'cmp.val')]
Is the CFG reducible from entry 'b0'?: False
